<?xml version="1.0" encoding="UTF-8"?>
<!-- Generated by org.testng.reporters.JUnitReportReporter -->
<testsuite hostname="NODTBSL452AG" name="com.mb.wapsanity.testscripts.VerifyContacts" tests="1" failures="0" timestamp="3 Jun 2015 05:47:48 GMT" time="33.563" errors="0">
  <testcase name="propertySRPContactCheck" time="33.563" classname="com.mb.wapsanity.testscripts.VerifyContacts"/>
</testsuite> <!-- com.mb.wapsanity.testscripts.VerifyContacts -->
