<?xml version="1.0" encoding="UTF-8"?>
<!-- Generated by org.testng.reporters.JUnitReportReporter -->
<testsuite hostname="TBSL447AG" name="com.mb.wapsanity.testscripts.LaunchWap" tests="1" failures="0" timestamp="21 Jan 2015 12:11:59 GMT" time="0.000" errors="0">
  <testcase name="f" time="0.000" classname="com.mb.wapsanity.testscripts.LaunchWap"/>
</testsuite> <!-- com.mb.wapsanity.testscripts.LaunchWap -->
